<?xml version="1.0" encoding="utf-8"?><testsuites name="pytest tests"><testsuite name="pytest" errors="0" failures="0" skipped="0" tests="77" time="115.605" timestamp="2025-12-12T13:47:47.553343-03:00" hostname="luderibeiro-win"><testcase classname="project.cart.tests.integration.test_cart_endpoints" name="test_anonymous_flow_add_item_persists" time="1.434" /><testcase classname="project.cart.tests.integration.test_cart_endpoints" name="test_add_item_negative_quantity_returns_400" time="0.116" /><testcase classname="project.cart.tests.integration.test_cart_endpoints" name="test_add_item_nonexistent_product_returns_404" time="0.101" /><testcase classname="project.cart.tests.integration.test_cart_endpoints" name="test_remove_nonexistent_item_is_idempotent" time="0.116" /><testcase classname="project.cart.tests.integration.test_cart_endpoints" name="test_cart_total_calculation_matches_expected" time="0.202" /><testcase classname="project.cart.tests.unit.test_cart_service" name="test_get_or_create_cart_requires_params" time="0.013" /><testcase classname="project.cart.tests.unit.test_cart_service" name="test_add_item_negative_quantity_raises" time="0.030" /><testcase classname="project.cart.tests.unit.test_cart_service" name="test_add_item_insufficient_stock_raises" time="0.024" /><testcase classname="project.cart.tests.unit.test_cart_service" name="test_add_item_creates_and_updates_snapshot_and_quantity" time="0.069" /><testcase classname="project.cart.tests.unit.test_cart_service" name="test_add_item_product_not_found_propagates" time="0.023" /><testcase classname="project.cart.tests.unit.test_cart_service" name="test_remove_item_partial_and_full" time="0.078" /><testcase classname="project.cart.tests.unit.test_cart_service" name="test_remove_nonexistent_item_is_noop" time="0.035" /><testcase classname="project.cart.tests.unit.test_cart_service" name="test_calculate_cart_total" time="0.060" /><testcase classname="project.cart.tests.unit.test_cart_service" name="test_cart_total_items_and_total_value_and_str" time="0.128" /><testcase classname="project.cart.tests.unit.test_repositories" name="test_cart_repository_impl_basic_create_and_get" time="0.115" /><testcase classname="project.cart.tests.unit.test_repositories" name="test_cart_repository_impl_add_and_remove_item" time="0.087" /><testcase classname="project.core.tests.integration.test_auth_api.AuthAPITest" name="test_login_failure_invalid_credentials" time="3.435" /><testcase classname="project.core.tests.integration.test_auth_api.AuthAPITest" name="test_login_failure_missing_fields" time="2.294" /><testcase classname="project.core.tests.integration.test_auth_api.AuthAPITest" name="test_login_failure_user_not_found" time="1.777" /><testcase classname="project.core.tests.integration.test_auth_api.AuthAPITest" name="test_login_success" time="2.415" /><testcase classname="project.core.tests.integration.test_user_api.UserAPITest" name="test_alter_password_as_admin_failure_incorrect_old_password" time="4.658" /><testcase classname="project.core.tests.integration.test_user_api.UserAPITest" name="test_alter_password_as_admin_success" time="5.663" /><testcase classname="project.core.tests.integration.test_user_api.UserAPITest" name="test_alter_password_unauthenticated_failure" time="2.645" /><testcase classname="project.core.tests.integration.test_user_api.UserAPITest" name="test_create_user_failure_duplicate_email" time="2.730" /><testcase classname="project.core.tests.integration.test_user_api.UserAPITest" name="test_create_user_success" time="2.970" /><testcase classname="project.core.tests.integration.test_user_api.UserAPITest" name="test_list_users_as_admin_success" time="3.886" /><testcase classname="project.core.tests.integration.test_user_api.UserAPITest" name="test_list_users_as_admin_with_pagination_and_filter" time="9.266" /><testcase classname="project.core.tests.integration.test_user_api.UserAPITest" name="test_list_users_unauthenticated_failure" time="3.275" /><testcase classname="project.core.tests.integration.test_user_api.UserAPITest" name="test_retrieve_user_as_admin_not_found" time="3.105" /><testcase classname="project.core.tests.integration.test_user_api.UserAPITest" name="test_retrieve_user_as_admin_success" time="3.270" /><testcase classname="project.core.tests.integration.test_user_api.UserAPITest" name="test_retrieve_user_unauthenticated_failure" time="4.309" /><testcase classname="project.core.tests.unit.test_auth_gateway_impl" name="test_check_password_success" time="0.871" /><testcase classname="project.core.tests.unit.test_auth_gateway_impl" name="test_check_password_failure_wrong_password" time="0.926" /><testcase classname="project.core.tests.unit.test_auth_gateway_impl" name="test_check_password_failure_user_not_found" time="1.062" /><testcase classname="project.core.tests.unit.test_auth_gateway_impl" name="test_create_tokens_success_existing_application" time="1.196" /><testcase classname="project.core.tests.unit.test_auth_gateway_impl" name="test_create_tokens_success_new_application" time="1.650" /><testcase classname="project.core.tests.unit.test_auth_gateway_impl" name="test_create_tokens_user_not_found" time="0.832" /><testcase classname="project.core.tests.unit.test_auth_gateway_impl" name="test_set_password_success" time="0.853" /><testcase classname="project.core.tests.unit.test_auth_gateway_impl" name="test_set_password_user_not_found" time="0.797" /><testcase classname="project.core.tests.unit.test_generic_use_cases" name="test_create_entity_use_case_success" time="0.765" /><testcase classname="project.core.tests.unit.test_generic_use_cases" name="test_list_entities_use_case_success" time="0.819" /><testcase classname="project.core.tests.unit.test_generic_use_cases" name="test_list_entities_use_case_empty" time="0.792" /><testcase classname="project.core.tests.unit.test_generic_use_cases" name="test_get_entity_by_id_use_case_success" time="0.891" /><testcase classname="project.core.tests.unit.test_generic_use_cases" name="test_get_entity_by_id_use_case_not_found" time="0.885" /><testcase classname="project.core.tests.unit.test_generic_use_cases" name="test_update_entity_use_case_success" time="0.779" /><testcase classname="project.core.tests.unit.test_generic_use_cases" name="test_update_entity_use_case_not_found" time="0.815" /><testcase classname="project.core.tests.unit.test_generic_use_cases" name="test_delete_entity_use_case_success" time="0.807" /><testcase classname="project.core.tests.unit.test_generic_use_cases" name="test_delete_entity_use_case_not_found" time="0.718" /><testcase classname="project.core.tests.unit.test_middleware.TestCustomExceptionMiddleware" name="test_validation_error_handling" time="0.836" /><testcase classname="project.core.tests.unit.test_middleware.TestCustomExceptionMiddleware" name="test_not_found_error_handling" time="0.667" /><testcase classname="project.core.tests.unit.test_middleware.TestCustomExceptionMiddleware" name="test_permission_denied_error_handling" time="0.731" /><testcase classname="project.core.tests.unit.test_middleware.TestCustomExceptionMiddleware" name="test_generic_exception_handling" time="0.680" /><testcase classname="project.core.tests.unit.test_middleware.TestCustomExceptionMiddleware" name="test_exception_with_custom_detail" time="0.732" /><testcase classname="project.core.tests.unit.test_urls.TestURLResolution" name="test_admin_url_resolution" time="0.698" /><testcase classname="project.core.tests.unit.test_urls.TestURLResolution" name="test_api_docs_url_resolution" time="0.693" /><testcase classname="project.core.tests.unit.test_urls.TestURLResolution" name="test_api_redoc_url_resolution" time="0.733" /><testcase classname="project.core.tests.unit.test_urls.TestURLResolution" name="test_api_schema_url_resolution" time="0.684" /><testcase classname="project.core.tests.unit.test_urls.TestURLResolution" name="test_core_api_urls_included" time="0.666" /><testcase classname="project.core.tests.unit.test_urls.TestURLResolution" name="test_oauth2_urls_resolution" time="0.808" /><testcase classname="project.core.tests.unit.test_urls.TestURLResolution" name="test_static_files_urls_in_debug" time="0.773" /><testcase classname="project.core.tests.unit.test_user_entity" name="test_user_creation" time="1.009" /><testcase classname="project.core.tests.unit.test_user_entity" name="test_user_is_admin" time="2.191" /><testcase classname="project.core.tests.unit.test_user_entity" name="test_user_default_values" time="2.157" /><testcase classname="project.core.tests.unit.test_user_entity" name="test_user_equality" time="2.414" /><testcase classname="project.core.tests.unit.test_user_entity" name="test_user_str_representation" time="1.840" /><testcase classname="project.core.tests.unit.test_user_use_cases" name="test_create_user_use_case_success" time="0.947" /><testcase classname="project.core.tests.unit.test_user_use_cases" name="test_login_user_use_case_success" time="1.047" /><testcase classname="project.core.tests.unit.test_user_use_cases" name="test_login_user_use_case_user_not_found" time="1.345" /><testcase classname="project.core.tests.unit.test_user_use_cases" name="test_login_user_use_case_invalid_password" time="0.855" /><testcase classname="project.core.tests.unit.test_user_use_cases" name="test_change_user_password_use_case_success" time="1.618" /><testcase classname="project.core.tests.unit.test_user_use_cases" name="test_change_user_password_use_case_incorrect_old_password" time="0.802" /><testcase classname="project.core.tests.unit.test_user_use_cases" name="test_change_user_password_use_case_user_not_found" time="1.238" /><testcase classname="project.core.tests.unit.test_user_use_cases" name="test_list_users_use_case_success" time="1.282" /><testcase classname="project.core.tests.unit.test_user_use_cases" name="test_list_users_use_case_with_pagination_and_filter" time="1.646" /><testcase classname="project.core.tests.unit.test_user_use_cases" name="test_get_user_by_id_use_case_success" time="1.214" /><testcase classname="project.core.tests.unit.test_user_use_cases" name="test_get_user_by_id_use_case_not_found" time="1.973" /><testcase classname="project.cart.tests.unit.test_domain_coverage" name="test_domain_modules_import_and_symbols" time="0.194" /></testsuite></testsuites>