<?xml version="1.0" encoding="utf-8"?><testsuites name="pytest tests"><testsuite name="pytest" errors="0" failures="0" skipped="0" tests="60" time="38.375" timestamp="2025-11-29T16:47:04.663853-03:00" hostname="papercut-vaio"><testcase classname="project.core.tests.integration.test_auth_api.AuthAPITest" name="test_login_failure_invalid_credentials" time="1.291" /><testcase classname="project.core.tests.integration.test_auth_api.AuthAPITest" name="test_login_failure_missing_fields" time="0.677" /><testcase classname="project.core.tests.integration.test_auth_api.AuthAPITest" name="test_login_failure_user_not_found" time="0.675" /><testcase classname="project.core.tests.integration.test_auth_api.AuthAPITest" name="test_login_success" time="0.996" /><testcase classname="project.core.tests.integration.test_user_api.UserAPITest" name="test_alter_password_as_admin_failure_incorrect_old_password" time="1.649" /><testcase classname="project.core.tests.integration.test_user_api.UserAPITest" name="test_alter_password_as_admin_success" time="2.312" /><testcase classname="project.core.tests.integration.test_user_api.UserAPITest" name="test_alter_password_unauthenticated_failure" time="1.345" /><testcase classname="project.core.tests.integration.test_user_api.UserAPITest" name="test_create_user_failure_duplicate_email" time="1.341" /><testcase classname="project.core.tests.integration.test_user_api.UserAPITest" name="test_create_user_success" time="1.351" /><testcase classname="project.core.tests.integration.test_user_api.UserAPITest" name="test_list_users_as_admin_success" time="1.330" /><testcase classname="project.core.tests.integration.test_user_api.UserAPITest" name="test_list_users_as_admin_with_pagination_and_filter" time="2.325" /><testcase classname="project.core.tests.integration.test_user_api.UserAPITest" name="test_list_users_unauthenticated_failure" time="1.378" /><testcase classname="project.core.tests.integration.test_user_api.UserAPITest" name="test_retrieve_user_as_admin_not_found" time="1.340" /><testcase classname="project.core.tests.integration.test_user_api.UserAPITest" name="test_retrieve_user_as_admin_success" time="1.343" /><testcase classname="project.core.tests.integration.test_user_api.UserAPITest" name="test_retrieve_user_unauthenticated_failure" time="1.335" /><testcase classname="project.core.tests.unit.test_auth_gateway_impl" name="test_check_password_success" time="0.348" /><testcase classname="project.core.tests.unit.test_auth_gateway_impl" name="test_check_password_failure_wrong_password" time="0.343" /><testcase classname="project.core.tests.unit.test_auth_gateway_impl" name="test_check_password_failure_user_not_found" time="0.345" /><testcase classname="project.core.tests.unit.test_auth_gateway_impl" name="test_create_tokens_success_existing_application" time="0.348" /><testcase classname="project.core.tests.unit.test_auth_gateway_impl" name="test_create_tokens_success_new_application" time="0.346" /><testcase classname="project.core.tests.unit.test_auth_gateway_impl" name="test_create_tokens_user_not_found" time="0.344" /><testcase classname="project.core.tests.unit.test_auth_gateway_impl" name="test_set_password_success" time="0.362" /><testcase classname="project.core.tests.unit.test_auth_gateway_impl" name="test_set_password_user_not_found" time="0.357" /><testcase classname="project.core.tests.unit.test_generic_use_cases" name="test_create_entity_use_case_success" time="0.349" /><testcase classname="project.core.tests.unit.test_generic_use_cases" name="test_list_entities_use_case_success" time="0.348" /><testcase classname="project.core.tests.unit.test_generic_use_cases" name="test_list_entities_use_case_empty" time="0.346" /><testcase classname="project.core.tests.unit.test_generic_use_cases" name="test_get_entity_by_id_use_case_success" time="0.344" /><testcase classname="project.core.tests.unit.test_generic_use_cases" name="test_get_entity_by_id_use_case_not_found" time="0.345" /><testcase classname="project.core.tests.unit.test_generic_use_cases" name="test_update_entity_use_case_success" time="0.347" /><testcase classname="project.core.tests.unit.test_generic_use_cases" name="test_update_entity_use_case_not_found" time="0.346" /><testcase classname="project.core.tests.unit.test_generic_use_cases" name="test_delete_entity_use_case_success" time="0.354" /><testcase classname="project.core.tests.unit.test_generic_use_cases" name="test_delete_entity_use_case_not_found" time="0.426" /><testcase classname="project.core.tests.unit.test_middleware.TestCustomExceptionMiddleware" name="test_validation_error_handling" time="0.345" /><testcase classname="project.core.tests.unit.test_middleware.TestCustomExceptionMiddleware" name="test_not_found_error_handling" time="0.408" /><testcase classname="project.core.tests.unit.test_middleware.TestCustomExceptionMiddleware" name="test_permission_denied_error_handling" time="0.346" /><testcase classname="project.core.tests.unit.test_middleware.TestCustomExceptionMiddleware" name="test_generic_exception_handling" time="0.346" /><testcase classname="project.core.tests.unit.test_middleware.TestCustomExceptionMiddleware" name="test_exception_with_custom_detail" time="0.348" /><testcase classname="project.core.tests.unit.test_urls.TestURLResolution" name="test_admin_url_resolution" time="0.353" /><testcase classname="project.core.tests.unit.test_urls.TestURLResolution" name="test_api_docs_url_resolution" time="0.343" /><testcase classname="project.core.tests.unit.test_urls.TestURLResolution" name="test_api_redoc_url_resolution" time="0.347" /><testcase classname="project.core.tests.unit.test_urls.TestURLResolution" name="test_api_schema_url_resolution" time="0.344" /><testcase classname="project.core.tests.unit.test_urls.TestURLResolution" name="test_core_api_urls_included" time="0.342" /><testcase classname="project.core.tests.unit.test_urls.TestURLResolution" name="test_oauth2_urls_resolution" time="0.348" /><testcase classname="project.core.tests.unit.test_urls.TestURLResolution" name="test_static_files_urls_in_debug" time="0.344" /><testcase classname="project.core.tests.unit.test_user_entity" name="test_user_creation" time="0.344" /><testcase classname="project.core.tests.unit.test_user_entity" name="test_user_is_admin" time="0.340" /><testcase classname="project.core.tests.unit.test_user_entity" name="test_user_default_values" time="0.355" /><testcase classname="project.core.tests.unit.test_user_entity" name="test_user_equality" time="0.346" /><testcase classname="project.core.tests.unit.test_user_entity" name="test_user_str_representation" time="0.344" /><testcase classname="project.core.tests.unit.test_user_use_cases" name="test_create_user_use_case_success" time="0.347" /><testcase classname="project.core.tests.unit.test_user_use_cases" name="test_login_user_use_case_success" time="0.353" /><testcase classname="project.core.tests.unit.test_user_use_cases" name="test_login_user_use_case_user_not_found" time="0.348" /><testcase classname="project.core.tests.unit.test_user_use_cases" name="test_login_user_use_case_invalid_password" time="0.350" /><testcase classname="project.core.tests.unit.test_user_use_cases" name="test_change_user_password_use_case_success" time="0.401" /><testcase classname="project.core.tests.unit.test_user_use_cases" name="test_change_user_password_use_case_incorrect_old_password" time="0.423" /><testcase classname="project.core.tests.unit.test_user_use_cases" name="test_change_user_password_use_case_user_not_found" time="0.370" /><testcase classname="project.core.tests.unit.test_user_use_cases" name="test_list_users_use_case_success" time="0.348" /><testcase classname="project.core.tests.unit.test_user_use_cases" name="test_list_users_use_case_with_pagination_and_filter" time="0.369" /><testcase classname="project.core.tests.unit.test_user_use_cases" name="test_get_user_by_id_use_case_success" time="0.349" /><testcase classname="project.core.tests.unit.test_user_use_cases" name="test_get_user_by_id_use_case_not_found" time="0.352" /></testsuite></testsuites>