<?xml version="1.0" encoding="utf-8"?><testsuites name="pytest tests"><testsuite name="pytest" errors="0" failures="0" skipped="0" tests="61" time="42.134" timestamp="2025-12-12T12:56:54.180045-03:00" hostname="papercut-vaio"><testcase classname="project.core.tests.integration.test_auth_api.AuthAPITest" name="test_login_failure_invalid_credentials" time="1.479" /><testcase classname="project.core.tests.integration.test_auth_api.AuthAPITest" name="test_login_failure_missing_fields" time="0.711" /><testcase classname="project.core.tests.integration.test_auth_api.AuthAPITest" name="test_login_failure_user_not_found" time="0.702" /><testcase classname="project.core.tests.integration.test_auth_api.AuthAPITest" name="test_login_success" time="1.070" /><testcase classname="project.core.tests.integration.test_google_oauth_api.TestGoogleOAuthProfile" name="test_profile_access_logged" time="0.708" /><testcase classname="project.core.tests.integration.test_user_api.UserAPITest" name="test_alter_password_as_admin_failure_incorrect_old_password" time="1.777" /><testcase classname="project.core.tests.integration.test_user_api.UserAPITest" name="test_alter_password_as_admin_success" time="2.446" /><testcase classname="project.core.tests.integration.test_user_api.UserAPITest" name="test_alter_password_unauthenticated_failure" time="1.412" /><testcase classname="project.core.tests.integration.test_user_api.UserAPITest" name="test_create_user_failure_duplicate_email" time="1.409" /><testcase classname="project.core.tests.integration.test_user_api.UserAPITest" name="test_create_user_success" time="1.464" /><testcase classname="project.core.tests.integration.test_user_api.UserAPITest" name="test_list_users_as_admin_success" time="1.462" /><testcase classname="project.core.tests.integration.test_user_api.UserAPITest" name="test_list_users_as_admin_with_pagination_and_filter" time="2.460" /><testcase classname="project.core.tests.integration.test_user_api.UserAPITest" name="test_list_users_unauthenticated_failure" time="1.427" /><testcase classname="project.core.tests.integration.test_user_api.UserAPITest" name="test_retrieve_user_as_admin_not_found" time="1.411" /><testcase classname="project.core.tests.integration.test_user_api.UserAPITest" name="test_retrieve_user_as_admin_success" time="1.426" /><testcase classname="project.core.tests.integration.test_user_api.UserAPITest" name="test_retrieve_user_unauthenticated_failure" time="1.448" /><testcase classname="project.core.tests.unit.test_auth_gateway_impl" name="test_check_password_success" time="0.381" /><testcase classname="project.core.tests.unit.test_auth_gateway_impl" name="test_check_password_failure_wrong_password" time="0.415" /><testcase classname="project.core.tests.unit.test_auth_gateway_impl" name="test_check_password_failure_user_not_found" time="0.373" /><testcase classname="project.core.tests.unit.test_auth_gateway_impl" name="test_create_tokens_success_existing_application" time="0.378" /><testcase classname="project.core.tests.unit.test_auth_gateway_impl" name="test_create_tokens_success_new_application" time="0.382" /><testcase classname="project.core.tests.unit.test_auth_gateway_impl" name="test_create_tokens_user_not_found" time="0.383" /><testcase classname="project.core.tests.unit.test_auth_gateway_impl" name="test_set_password_success" time="0.400" /><testcase classname="project.core.tests.unit.test_auth_gateway_impl" name="test_set_password_user_not_found" time="0.380" /><testcase classname="project.core.tests.unit.test_generic_use_cases" name="test_create_entity_use_case_success" time="0.385" /><testcase classname="project.core.tests.unit.test_generic_use_cases" name="test_list_entities_use_case_success" time="0.381" /><testcase classname="project.core.tests.unit.test_generic_use_cases" name="test_list_entities_use_case_empty" time="0.374" /><testcase classname="project.core.tests.unit.test_generic_use_cases" name="test_get_entity_by_id_use_case_success" time="0.405" /><testcase classname="project.core.tests.unit.test_generic_use_cases" name="test_get_entity_by_id_use_case_not_found" time="0.384" /><testcase classname="project.core.tests.unit.test_generic_use_cases" name="test_update_entity_use_case_success" time="0.377" /><testcase classname="project.core.tests.unit.test_generic_use_cases" name="test_update_entity_use_case_not_found" time="0.380" /><testcase classname="project.core.tests.unit.test_generic_use_cases" name="test_delete_entity_use_case_success" time="0.377" /><testcase classname="project.core.tests.unit.test_generic_use_cases" name="test_delete_entity_use_case_not_found" time="0.372" /><testcase classname="project.core.tests.unit.test_middleware.TestCustomExceptionMiddleware" name="test_validation_error_handling" time="0.423" /><testcase classname="project.core.tests.unit.test_middleware.TestCustomExceptionMiddleware" name="test_not_found_error_handling" time="0.376" /><testcase classname="project.core.tests.unit.test_middleware.TestCustomExceptionMiddleware" name="test_permission_denied_error_handling" time="0.371" /><testcase classname="project.core.tests.unit.test_middleware.TestCustomExceptionMiddleware" name="test_generic_exception_handling" time="0.376" /><testcase classname="project.core.tests.unit.test_middleware.TestCustomExceptionMiddleware" name="test_exception_with_custom_detail" time="0.374" /><testcase classname="project.core.tests.unit.test_urls.TestURLResolution" name="test_admin_url_resolution" time="0.392" /><testcase classname="project.core.tests.unit.test_urls.TestURLResolution" name="test_api_docs_url_resolution" time="0.400" /><testcase classname="project.core.tests.unit.test_urls.TestURLResolution" name="test_api_redoc_url_resolution" time="0.426" /><testcase classname="project.core.tests.unit.test_urls.TestURLResolution" name="test_api_schema_url_resolution" time="0.403" /><testcase classname="project.core.tests.unit.test_urls.TestURLResolution" name="test_core_api_urls_included" time="0.403" /><testcase classname="project.core.tests.unit.test_urls.TestURLResolution" name="test_oauth2_urls_resolution" time="0.380" /><testcase classname="project.core.tests.unit.test_urls.TestURLResolution" name="test_static_files_urls_in_debug" time="0.444" /><testcase classname="project.core.tests.unit.test_user_entity" name="test_user_creation" time="0.436" /><testcase classname="project.core.tests.unit.test_user_entity" name="test_user_is_admin" time="0.479" /><testcase classname="project.core.tests.unit.test_user_entity" name="test_user_default_values" time="0.488" /><testcase classname="project.core.tests.unit.test_user_entity" name="test_user_equality" time="0.472" /><testcase classname="project.core.tests.unit.test_user_entity" name="test_user_str_representation" time="0.435" /><testcase classname="project.core.tests.unit.test_user_use_cases" name="test_create_user_use_case_success" time="0.480" /><testcase classname="project.core.tests.unit.test_user_use_cases" name="test_login_user_use_case_success" time="0.470" /><testcase classname="project.core.tests.unit.test_user_use_cases" name="test_login_user_use_case_user_not_found" time="0.474" /><testcase classname="project.core.tests.unit.test_user_use_cases" name="test_login_user_use_case_invalid_password" time="0.475" /><testcase classname="project.core.tests.unit.test_user_use_cases" name="test_change_user_password_use_case_success" time="0.476" /><testcase classname="project.core.tests.unit.test_user_use_cases" name="test_change_user_password_use_case_incorrect_old_password" time="0.406" /><testcase classname="project.core.tests.unit.test_user_use_cases" name="test_change_user_password_use_case_user_not_found" time="0.398" /><testcase classname="project.core.tests.unit.test_user_use_cases" name="test_list_users_use_case_success" time="0.377" /><testcase classname="project.core.tests.unit.test_user_use_cases" name="test_list_users_use_case_with_pagination_and_filter" time="0.380" /><testcase classname="project.core.tests.unit.test_user_use_cases" name="test_get_user_by_id_use_case_success" time="0.406" /><testcase classname="project.core.tests.unit.test_user_use_cases" name="test_get_user_by_id_use_case_not_found" time="0.413" /></testsuite></testsuites>