<?xml version="1.0" encoding="utf-8"?><testsuites name="pytest tests"><testsuite name="pytest" errors="0" failures="0" skipped="0" tests="62" time="46.364" timestamp="2025-12-12T12:13:18.440147-03:00" hostname="papercut-vaio"><testcase classname="project.core.tests.integration.test_auth_api.AuthAPITest" name="test_login_failure_invalid_credentials" time="1.484" /><testcase classname="project.core.tests.integration.test_auth_api.AuthAPITest" name="test_login_failure_missing_fields" time="0.744" /><testcase classname="project.core.tests.integration.test_auth_api.AuthAPITest" name="test_login_failure_user_not_found" time="0.730" /><testcase classname="project.core.tests.integration.test_auth_api.AuthAPITest" name="test_login_success" time="1.098" /><testcase classname="project.core.tests.integration.test_google_oauth_api.ProfilePageTest" name="test_profile_requires_auth" time="0.380" /><testcase classname="project.core.tests.integration.test_google_oauth_api.ProfilePageLoggedTest" name="test_profile_access_logged" time="1.140" /><testcase classname="project.core.tests.integration.test_user_api.UserAPITest" name="test_alter_password_as_admin_failure_incorrect_old_password" time="1.875" /><testcase classname="project.core.tests.integration.test_user_api.UserAPITest" name="test_alter_password_as_admin_success" time="2.623" /><testcase classname="project.core.tests.integration.test_user_api.UserAPITest" name="test_alter_password_unauthenticated_failure" time="1.534" /><testcase classname="project.core.tests.integration.test_user_api.UserAPITest" name="test_create_user_failure_duplicate_email" time="1.451" /><testcase classname="project.core.tests.integration.test_user_api.UserAPITest" name="test_create_user_success" time="1.452" /><testcase classname="project.core.tests.integration.test_user_api.UserAPITest" name="test_list_users_as_admin_success" time="1.482" /><testcase classname="project.core.tests.integration.test_user_api.UserAPITest" name="test_list_users_as_admin_with_pagination_and_filter" time="2.523" /><testcase classname="project.core.tests.integration.test_user_api.UserAPITest" name="test_list_users_unauthenticated_failure" time="1.511" /><testcase classname="project.core.tests.integration.test_user_api.UserAPITest" name="test_retrieve_user_as_admin_not_found" time="1.589" /><testcase classname="project.core.tests.integration.test_user_api.UserAPITest" name="test_retrieve_user_as_admin_success" time="1.607" /><testcase classname="project.core.tests.integration.test_user_api.UserAPITest" name="test_retrieve_user_unauthenticated_failure" time="1.636" /><testcase classname="project.core.tests.unit.test_auth_gateway_impl" name="test_check_password_success" time="0.580" /><testcase classname="project.core.tests.unit.test_auth_gateway_impl" name="test_check_password_failure_wrong_password" time="0.533" /><testcase classname="project.core.tests.unit.test_auth_gateway_impl" name="test_check_password_failure_user_not_found" time="0.472" /><testcase classname="project.core.tests.unit.test_auth_gateway_impl" name="test_create_tokens_success_existing_application" time="0.507" /><testcase classname="project.core.tests.unit.test_auth_gateway_impl" name="test_create_tokens_success_new_application" time="0.463" /><testcase classname="project.core.tests.unit.test_auth_gateway_impl" name="test_create_tokens_user_not_found" time="0.493" /><testcase classname="project.core.tests.unit.test_auth_gateway_impl" name="test_set_password_success" time="0.505" /><testcase classname="project.core.tests.unit.test_auth_gateway_impl" name="test_set_password_user_not_found" time="0.445" /><testcase classname="project.core.tests.unit.test_generic_use_cases" name="test_create_entity_use_case_success" time="0.427" /><testcase classname="project.core.tests.unit.test_generic_use_cases" name="test_list_entities_use_case_success" time="0.428" /><testcase classname="project.core.tests.unit.test_generic_use_cases" name="test_list_entities_use_case_empty" time="0.426" /><testcase classname="project.core.tests.unit.test_generic_use_cases" name="test_get_entity_by_id_use_case_success" time="0.419" /><testcase classname="project.core.tests.unit.test_generic_use_cases" name="test_get_entity_by_id_use_case_not_found" time="0.435" /><testcase classname="project.core.tests.unit.test_generic_use_cases" name="test_update_entity_use_case_success" time="0.427" /><testcase classname="project.core.tests.unit.test_generic_use_cases" name="test_update_entity_use_case_not_found" time="0.542" /><testcase classname="project.core.tests.unit.test_generic_use_cases" name="test_delete_entity_use_case_success" time="0.414" /><testcase classname="project.core.tests.unit.test_generic_use_cases" name="test_delete_entity_use_case_not_found" time="0.450" /><testcase classname="project.core.tests.unit.test_middleware.TestCustomExceptionMiddleware" name="test_validation_error_handling" time="0.427" /><testcase classname="project.core.tests.unit.test_middleware.TestCustomExceptionMiddleware" name="test_not_found_error_handling" time="0.420" /><testcase classname="project.core.tests.unit.test_middleware.TestCustomExceptionMiddleware" name="test_permission_denied_error_handling" time="0.425" /><testcase classname="project.core.tests.unit.test_middleware.TestCustomExceptionMiddleware" name="test_generic_exception_handling" time="0.419" /><testcase classname="project.core.tests.unit.test_middleware.TestCustomExceptionMiddleware" name="test_exception_with_custom_detail" time="0.413" /><testcase classname="project.core.tests.unit.test_urls.TestURLResolution" name="test_admin_url_resolution" time="0.438" /><testcase classname="project.core.tests.unit.test_urls.TestURLResolution" name="test_api_docs_url_resolution" time="0.457" /><testcase classname="project.core.tests.unit.test_urls.TestURLResolution" name="test_api_redoc_url_resolution" time="0.431" /><testcase classname="project.core.tests.unit.test_urls.TestURLResolution" name="test_api_schema_url_resolution" time="0.468" /><testcase classname="project.core.tests.unit.test_urls.TestURLResolution" name="test_core_api_urls_included" time="0.455" /><testcase classname="project.core.tests.unit.test_urls.TestURLResolution" name="test_oauth2_urls_resolution" time="0.440" /><testcase classname="project.core.tests.unit.test_urls.TestURLResolution" name="test_static_files_urls_in_debug" time="0.409" /><testcase classname="project.core.tests.unit.test_user_entity" name="test_user_creation" time="0.428" /><testcase classname="project.core.tests.unit.test_user_entity" name="test_user_is_admin" time="0.482" /><testcase classname="project.core.tests.unit.test_user_entity" name="test_user_default_values" time="0.463" /><testcase classname="project.core.tests.unit.test_user_entity" name="test_user_equality" time="0.476" /><testcase classname="project.core.tests.unit.test_user_entity" name="test_user_str_representation" time="0.443" /><testcase classname="project.core.tests.unit.test_user_use_cases" name="test_create_user_use_case_success" time="0.491" /><testcase classname="project.core.tests.unit.test_user_use_cases" name="test_login_user_use_case_success" time="0.557" /><testcase classname="project.core.tests.unit.test_user_use_cases" name="test_login_user_use_case_user_not_found" time="0.562" /><testcase classname="project.core.tests.unit.test_user_use_cases" name="test_login_user_use_case_invalid_password" time="0.448" /><testcase classname="project.core.tests.unit.test_user_use_cases" name="test_change_user_password_use_case_success" time="0.422" /><testcase classname="project.core.tests.unit.test_user_use_cases" name="test_change_user_password_use_case_incorrect_old_password" time="0.407" /><testcase classname="project.core.tests.unit.test_user_use_cases" name="test_change_user_password_use_case_user_not_found" time="0.408" /><testcase classname="project.core.tests.unit.test_user_use_cases" name="test_list_users_use_case_success" time="0.481" /><testcase classname="project.core.tests.unit.test_user_use_cases" name="test_list_users_use_case_with_pagination_and_filter" time="0.403" /><testcase classname="project.core.tests.unit.test_user_use_cases" name="test_get_user_by_id_use_case_success" time="0.456" /><testcase classname="project.core.tests.unit.test_user_use_cases" name="test_get_user_by_id_use_case_not_found" time="0.405" /></testsuite></testsuites>